<?xml version="1.0" encoding="UTF-8"?>
<testsuite xmlns:xsi="http://www.w3.org/2001/XMLSchema-instance" xsi:noNamespaceSchemaLocation="https://maven.apache.org/surefire/maven-surefire-plugin/xsd/surefire-test-report-3.0.xsd" version="3.0" name="com.example.spring_mysql_api.repository.WeatherRepositoryTest" time="3.113" tests="2" errors="0" skipped="0" failures="0">
  <properties>
[...]
</properties>
  <testcase name="testFindByCountryName_Found" classname="com.example.spring_mysql_api.repository.WeatherRepositoryTest" time="0.311">
    <system-out><![CDATA[2024-02-02T01:31:18.140+01:00  INFO 32744 --- [           main] t.c.s.AnnotationConfigContextLoaderUtils : Could not detect default configuration classes for test class [com.example.spring_mysql_api.repository.WeatherRepositoryTest]: WeatherRepositoryTest does not declare any static, non-private, non-final, nested classes annotated with @Configuration.
2024-02-02T01:31:18.187+01:00  INFO 32744 --- [           main] .b.t.c.SpringBootTestContextBootstrapper : Found @SpringBootConfiguration com.example.spring_mysql_api.SpringMysqlApiApplication for test class com.example.spring_mysql_api.repository.WeatherRepositoryTest
2024-02-02T01:31:18.193+01:00  INFO 32744 --- [           main] o.s.b.d.r.RestartApplicationListener     : Restart disabled due to context in which it is running

  .   ____          _            __ _ _
 /\\ / ___'_ __ _ _(_)_ __  __ _ \ \ \ \
( ( )\___ | '_ | '_| | '_ \/ _` | \ \ \ \
 \\/  ___)| |_)| | | | | || (_| |  ) ) ) )
  '  |____| .__|_| |_|_| |_\__, | / / / /
 =========|_|==============|___/=/_/_/_/
 :: Spring Boot ::                (v3.2.1)

2024-02-02T01:31:18.233+01:00  INFO 32744 --- [           main] c.e.s.repository.WeatherRepositoryTest   : Starting WeatherRepositoryTest using Java 21.0.2 with PID 32744 (started by srava in C:\Users\srava\OneDrive\Documents\GitHub\spring-weather-api-sravanipodapati\spring_mysql_api)
2024-02-02T01:31:18.233+01:00  INFO 32744 --- [           main] c.e.s.repository.WeatherRepositoryTest   : No active profile set, falling back to 1 default profile: "default"
2024-02-02T01:31:18.478+01:00  INFO 32744 --- [           main] .s.d.r.c.RepositoryConfigurationDelegate : Bootstrapping Spring Data JPA repositories in DEFAULT mode.
2024-02-02T01:31:18.545+01:00  INFO 32744 --- [           main] .s.d.r.c.RepositoryConfigurationDelegate : Finished Spring Data repository scanning in 56 ms. Found 1 JPA repository interface.
2024-02-02T01:31:18.616+01:00  INFO 32744 --- [           main] beddedDataSourceBeanFactoryPostProcessor : Replacing 'dataSource' DataSource bean with embedded version
2024-02-02T01:31:18.697+01:00  INFO 32744 --- [           main] o.s.j.d.e.EmbeddedDatabaseFactory        : Starting embedded database: url='jdbc:h2:mem:4c6b57a5-f43c-418b-9410-9fd1c5de8bee;DB_CLOSE_DELAY=-1;DB_CLOSE_ON_EXIT=false', username='sa'
2024-02-02T01:31:19.119+01:00  INFO 32744 --- [           main] o.hibernate.jpa.internal.util.LogHelper  : HHH000204: Processing PersistenceUnitInfo [name: default]
2024-02-02T01:31:19.223+01:00  INFO 32744 --- [           main] org.hibernate.Version                    : HHH000412: Hibernate ORM core version 6.4.1.Final
2024-02-02T01:31:19.273+01:00  INFO 32744 --- [           main] o.h.c.internal.RegionFactoryInitiator    : HHH000026: Second-level cache disabled
2024-02-02T01:31:19.446+01:00  INFO 32744 --- [           main] o.s.o.j.p.SpringPersistenceUnitInfo      : No LoadTimeWeaver setup: ignoring JPA class transformer
2024-02-02T01:31:20.371+01:00  INFO 32744 --- [           main] o.h.e.t.j.p.i.JtaPlatformInitiator       : HHH000489: No JTA platform available (set 'hibernate.transaction.jta.platform' to enable JTA platform integration)
2024-02-02T01:31:20.441+01:00 DEBUG 32744 --- [           main] org.hibernate.SQL                        : 
    create table weather_list (
        country_id varchar(255) not null,
        city varchar(255),
        temperature varchar(255),
        weather_condition varchar(255),
        country_name varchar(255),
        primary key (country_id)
    )
Hibernate: 
    create table weather_list (
        country_id varchar(255) not null,
        city varchar(255),
        temperature varchar(255),
        weather_condition varchar(255),
        country_name varchar(255),
        primary key (country_id)
    )
2024-02-02T01:31:20.450+01:00  INFO 32744 --- [           main] j.LocalContainerEntityManagerFactoryBean : Initialized JPA EntityManagerFactory for persistence unit 'default'
2024-02-02T01:31:20.898+01:00  INFO 32744 --- [           main] c.e.s.repository.WeatherRepositoryTest   : Started WeatherRepositoryTest in 2.705 seconds (process running for 7.756)
2024-02-02T01:31:20.976+01:00 DEBUG 32744 --- [           main] org.hibernate.SQL                        : 
    select
        w1_0.country_id,
        w1_0.city,
        w1_0.temperature,
        w1_0.weather_condition,
        w1_0.country_name 
    from
        weather_list w1_0 
    where
        w1_0.country_id=?
Hibernate: 
    select
        w1_0.country_id,
        w1_0.city,
        w1_0.temperature,
        w1_0.weather_condition,
        w1_0.country_name 
    from
        weather_list w1_0 
    where
        w1_0.country_id=?
2024-02-02T01:31:21.103+01:00 DEBUG 32744 --- [           main] org.hibernate.SQL                        : 
    /* insert for
        com.example.spring_mysql_api.model.Weather */insert 
    into
        weather_list (city, temperature, weather_condition, country_name, country_id) 
    values
        (?, ?, ?, ?, ?)
Hibernate: 
    /* insert for
        com.example.spring_mysql_api.model.Weather */insert 
    into
        weather_list (city, temperature, weather_condition, country_name, country_id) 
    values
        (?, ?, ?, ?, ?)
2024-02-02T01:31:21.110+01:00 DEBUG 32744 --- [           main] org.hibernate.SQL                        : 
    /* <criteria> */ select
        w1_0.country_id,
        w1_0.city,
        w1_0.temperature,
        w1_0.weather_condition,
        w1_0.country_name 
    from
        weather_list w1_0 
    where
        w1_0.country_name=?
Hibernate: 
    /* <criteria> */ select
        w1_0.country_id,
        w1_0.city,
        w1_0.temperature,
        w1_0.weather_condition,
        w1_0.country_name 
    from
        weather_list w1_0 
    where
        w1_0.country_name=?
2024-02-02T01:31:21.203+01:00 DEBUG 32744 --- [           main] org.hibernate.SQL                        : 
    /* <criteria> */ select
        w1_0.country_id,
        w1_0.city,
        w1_0.temperature,
        w1_0.weather_condition,
        w1_0.country_name 
    from
        weather_list w1_0
Hibernate: 
    /* <criteria> */ select
        w1_0.country_id,
        w1_0.city,
        w1_0.temperature,
        w1_0.weather_condition,
        w1_0.country_name 
    from
        weather_list w1_0
]]></system-out>
  </testcase>
  <testcase name="testFindByCountryName_NotFound" classname="com.example.spring_mysql_api.repository.WeatherRepositoryTest" time="0.024">
    <system-out><![CDATA[2024-02-02T01:31:21.221+01:00 DEBUG 32744 --- [           main] org.hibernate.SQL                        : 
    select
        w1_0.country_id,
        w1_0.city,
        w1_0.temperature,
        w1_0.weather_condition,
        w1_0.country_name 
    from
        weather_list w1_0 
    where
        w1_0.country_id=?
Hibernate: 
    select
        w1_0.country_id,
        w1_0.city,
        w1_0.temperature,
        w1_0.weather_condition,
        w1_0.country_name 
    from
        weather_list w1_0 
    where
        w1_0.country_id=?
2024-02-02T01:31:21.224+01:00 DEBUG 32744 --- [           main] org.hibernate.SQL                        : 
    /* insert for
        com.example.spring_mysql_api.model.Weather */insert 
    into
        weather_list (city, temperature, weather_condition, country_name, country_id) 
    values
        (?, ?, ?, ?, ?)
Hibernate: 
    /* insert for
        com.example.spring_mysql_api.model.Weather */insert 
    into
        weather_list (city, temperature, weather_condition, country_name, country_id) 
    values
        (?, ?, ?, ?, ?)
2024-02-02T01:31:21.225+01:00 DEBUG 32744 --- [           main] org.hibernate.SQL                        : 
    /* <criteria> */ select
        w1_0.country_id,
        w1_0.city,
        w1_0.temperature,
        w1_0.weather_condition,
        w1_0.country_name 
    from
        weather_list w1_0 
    where
        w1_0.country_name=?
Hibernate: 
    /* <criteria> */ select
        w1_0.country_id,
        w1_0.city,
        w1_0.temperature,
        w1_0.weather_condition,
        w1_0.country_name 
    from
        weather_list w1_0 
    where
        w1_0.country_name=?
2024-02-02T01:31:21.236+01:00 DEBUG 32744 --- [           main] org.hibernate.SQL                        : 
    /* <criteria> */ select
        w1_0.country_id,
        w1_0.city,
        w1_0.temperature,
        w1_0.weather_condition,
        w1_0.country_name 
    from
        weather_list w1_0
Hibernate: 
    /* <criteria> */ select
        w1_0.country_id,
        w1_0.city,
        w1_0.temperature,
        w1_0.weather_condition,
        w1_0.country_name 
    from
        weather_list w1_0
]]></system-out>
  </testcase>
</testsuite>